<?xml version="1.0" encoding="UTF-8"?>
<testsuite xmlns:xsi="http://www.w3.org/2001/XMLSchema-instance" xsi:noNamespaceSchemaLocation="https://maven.apache.org/surefire/maven-surefire-plugin/xsd/surefire-test-report.xsd" version="3.0.2" name="com.todolist.TaskDeleteApiTest" time="0.792" tests="3" errors="0" skipped="0" failures="0" flakes="0">
  <properties>
[...]
</properties>
  <testcase name="deleteSameTaskAgainReturns404" classname="com.todolist.TaskDeleteApiTest" time="0.205">
    <system-out><![CDATA[2026-09-05T12:26:10.305-05:00  INFO 44532 --- [todolist-spring] [           main] t.c.s.AnnotationConfigContextLoaderUtils : Could not detect default configuration classes for test class [com.todolist.TaskDeleteApiTest]: TaskDeleteApiTest does not declare any static, non-private, non-final, nested classes annotated with @Configuration.
2026-09-05T12:26:10.314-05:00  INFO 44532 --- [todolist-spring] [           main] .b.t.c.SpringBootTestContextBootstrapper : Found @SpringBootConfiguration com.todolist.TodoListApplication for test class com.todolist.TaskDeleteApiTest

  .   ____          _            __ _ _
 /\\ / ___'_ __ _ _(_)_ __  __ _ \ \ \ \
( ( )\___ | '_ | '_| | '_ \/ _` | \ \ \ \
 \\/  ___)| |_)| | | | | || (_| |  ) ) ) )
  '  |____| .__|_| |_|_| |_\__, | / / / /
 =========|_|==============|___/=/_/_/_/

 :: Spring Boot ::               (v3.5.16)

2026-09-05T12:26:10.346-05:00  INFO 44532 --- [todolist-spring] [           main] com.todolist.TaskDeleteApiTest           : Starting TaskDeleteApiTest using Java 21.0.12.1 with PID 44532 (started by leo in /home/leo/todolist-lab02/todolist-spring)
2026-09-05T12:26:10.347-05:00  INFO 44532 --- [todolist-spring] [           main] com.todolist.TaskDeleteApiTest           : The following 1 profile is active: "test"
2026-09-05T12:26:10.486-05:00  INFO 44532 --- [todolist-spring] [           main] .s.d.r.c.RepositoryConfigurationDelegate : Bootstrapping Spring Data R2DBC repositories in DEFAULT mode.
2026-09-05T12:26:10.492-05:00  INFO 44532 --- [todolist-spring] [           main] .s.d.r.c.RepositoryConfigurationDelegate : Finished Spring Data repository scanning in 4 ms. Found 1 R2DBC repository interface.
2026-09-05T12:26:10.842-05:00  INFO 44532 --- [todolist-spring] [           main] o.s.b.web.embedded.netty.NettyWebServer  : Netty started on port 44719 (http)
2026-09-05T12:26:10.845-05:00  INFO 44532 --- [todolist-spring] [           main] com.todolist.TaskDeleteApiTest           : Started TaskDeleteApiTest in 0.527 seconds (process running for 3.523)
]]></system-out>
  </testcase>
  <testcase name="deleteExistingReturns204AndRemovesFromList" classname="com.todolist.TaskDeleteApiTest" time="0.026"/>
  <testcase name="deleteUnknownIdReturns404" classname="com.todolist.TaskDeleteApiTest" time="0.014"/>
</testsuite>